[2026-03-02T01:52:29.270+0000] {processor.py:161} INFO - Started process (PID=2085) to work on /opt/airflow/dags/backup_disaster_recovery.py
[2026-03-02T01:52:29.275+0000] {processor.py:830} INFO - Processing file /opt/airflow/dags/backup_disaster_recovery.py for tasks to queue
[2026-03-02T01:52:29.282+0000] {logging_mixin.py:188} INFO - [2026-03-02T01:52:29.279+0000] {dagbag.py:538} INFO - Filling up the DagBag from /opt/airflow/dags/backup_disaster_recovery.py
[2026-03-02T01:52:29.889+0000] {processor.py:840} INFO - DAG(s) 'backup_and_disaster_recovery' retrieved from /opt/airflow/dags/backup_disaster_recovery.py
[2026-03-02T01:52:30.264+0000] {logging_mixin.py:188} INFO - [2026-03-02T01:52:30.263+0000] {override.py:1769} INFO - Created Permission View: can edit on DAG:backup_and_disaster_recovery
[2026-03-02T01:52:30.281+0000] {logging_mixin.py:188} INFO - [2026-03-02T01:52:30.280+0000] {override.py:1769} INFO - Created Permission View: can read on DAG:backup_and_disaster_recovery
[2026-03-02T01:52:30.296+0000] {logging_mixin.py:188} INFO - [2026-03-02T01:52:30.294+0000] {override.py:1769} INFO - Created Permission View: can delete on DAG:backup_and_disaster_recovery
[2026-03-02T01:52:30.297+0000] {logging_mixin.py:188} INFO - [2026-03-02T01:52:30.297+0000] {dag.py:3036} INFO - Sync 1 DAGs
[2026-03-02T01:52:30.331+0000] {logging_mixin.py:188} INFO - [2026-03-02T01:52:30.331+0000] {dag.py:3058} INFO - Creating ORM DAG for backup_and_disaster_recovery
[2026-03-02T01:52:30.355+0000] {logging_mixin.py:188} INFO - [2026-03-02T01:52:30.355+0000] {dag.py:3823} INFO - Setting next_dagrun for backup_and_disaster_recovery to 2026-03-01 02:00:00+00:00, run_after=2026-03-02 02:00:00+00:00
[2026-03-02T01:52:30.404+0000] {processor.py:183} INFO - Processing /opt/airflow/dags/backup_disaster_recovery.py took 1.143 seconds
[2026-03-02T01:53:00.682+0000] {processor.py:161} INFO - Started process (PID=2103) to work on /opt/airflow/dags/backup_disaster_recovery.py
[2026-03-02T01:53:00.690+0000] {processor.py:830} INFO - Processing file /opt/airflow/dags/backup_disaster_recovery.py for tasks to queue
[2026-03-02T01:53:00.693+0000] {logging_mixin.py:188} INFO - [2026-03-02T01:53:00.691+0000] {dagbag.py:538} INFO - Filling up the DagBag from /opt/airflow/dags/backup_disaster_recovery.py
[2026-03-02T01:53:01.082+0000] {processor.py:840} INFO - DAG(s) 'backup_and_disaster_recovery' retrieved from /opt/airflow/dags/backup_disaster_recovery.py
[2026-03-02T01:53:01.146+0000] {logging_mixin.py:188} INFO - [2026-03-02T01:53:01.146+0000] {dag.py:3036} INFO - Sync 1 DAGs
[2026-03-02T01:53:01.211+0000] {logging_mixin.py:188} INFO - [2026-03-02T01:53:01.211+0000] {dag.py:3823} INFO - Setting next_dagrun for backup_and_disaster_recovery to 2026-03-01 02:00:00+00:00, run_after=2026-03-02 02:00:00+00:00
[2026-03-02T01:53:01.233+0000] {processor.py:183} INFO - Processing /opt/airflow/dags/backup_disaster_recovery.py took 0.581 seconds
[2026-03-02T01:53:31.571+0000] {processor.py:161} INFO - Started process (PID=2121) to work on /opt/airflow/dags/backup_disaster_recovery.py
[2026-03-02T01:53:31.574+0000] {processor.py:830} INFO - Processing file /opt/airflow/dags/backup_disaster_recovery.py for tasks to queue
[2026-03-02T01:53:31.576+0000] {logging_mixin.py:188} INFO - [2026-03-02T01:53:31.575+0000] {dagbag.py:538} INFO - Filling up the DagBag from /opt/airflow/dags/backup_disaster_recovery.py
[2026-03-02T01:53:31.736+0000] {processor.py:840} INFO - DAG(s) 'backup_and_disaster_recovery' retrieved from /opt/airflow/dags/backup_disaster_recovery.py
[2026-03-02T01:53:31.798+0000] {logging_mixin.py:188} INFO - [2026-03-02T01:53:31.797+0000] {dag.py:3036} INFO - Sync 1 DAGs
[2026-03-02T01:53:31.834+0000] {logging_mixin.py:188} INFO - [2026-03-02T01:53:31.833+0000] {dag.py:3823} INFO - Setting next_dagrun for backup_and_disaster_recovery to 2026-03-01 02:00:00+00:00, run_after=2026-03-02 02:00:00+00:00
[2026-03-02T01:53:31.852+0000] {processor.py:183} INFO - Processing /opt/airflow/dags/backup_disaster_recovery.py took 0.292 seconds
[2026-03-02T01:54:02.605+0000] {processor.py:161} INFO - Started process (PID=2139) to work on /opt/airflow/dags/backup_disaster_recovery.py
[2026-03-02T01:54:02.610+0000] {processor.py:830} INFO - Processing file /opt/airflow/dags/backup_disaster_recovery.py for tasks to queue
[2026-03-02T01:54:02.612+0000] {logging_mixin.py:188} INFO - [2026-03-02T01:54:02.611+0000] {dagbag.py:538} INFO - Filling up the DagBag from /opt/airflow/dags/backup_disaster_recovery.py
[2026-03-02T01:54:02.855+0000] {processor.py:840} INFO - DAG(s) 'backup_and_disaster_recovery' retrieved from /opt/airflow/dags/backup_disaster_recovery.py
[2026-03-02T01:54:02.929+0000] {logging_mixin.py:188} INFO - [2026-03-02T01:54:02.929+0000] {dag.py:3036} INFO - Sync 1 DAGs
[2026-03-02T01:54:02.986+0000] {logging_mixin.py:188} INFO - [2026-03-02T01:54:02.986+0000] {dag.py:3823} INFO - Setting next_dagrun for backup_and_disaster_recovery to 2026-03-01 02:00:00+00:00, run_after=2026-03-02 02:00:00+00:00
[2026-03-02T01:54:03.014+0000] {processor.py:183} INFO - Processing /opt/airflow/dags/backup_disaster_recovery.py took 0.416 seconds
[2026-03-02T01:54:33.358+0000] {processor.py:161} INFO - Started process (PID=2157) to work on /opt/airflow/dags/backup_disaster_recovery.py
[2026-03-02T01:54:33.360+0000] {processor.py:830} INFO - Processing file /opt/airflow/dags/backup_disaster_recovery.py for tasks to queue
[2026-03-02T01:54:33.362+0000] {logging_mixin.py:188} INFO - [2026-03-02T01:54:33.361+0000] {dagbag.py:538} INFO - Filling up the DagBag from /opt/airflow/dags/backup_disaster_recovery.py
[2026-03-02T01:54:33.563+0000] {processor.py:840} INFO - DAG(s) 'backup_and_disaster_recovery' retrieved from /opt/airflow/dags/backup_disaster_recovery.py
[2026-03-02T01:54:33.621+0000] {logging_mixin.py:188} INFO - [2026-03-02T01:54:33.620+0000] {dag.py:3036} INFO - Sync 1 DAGs
[2026-03-02T01:54:33.657+0000] {logging_mixin.py:188} INFO - [2026-03-02T01:54:33.657+0000] {dag.py:3823} INFO - Setting next_dagrun for backup_and_disaster_recovery to 2026-03-01 02:00:00+00:00, run_after=2026-03-02 02:00:00+00:00
[2026-03-02T01:54:33.678+0000] {processor.py:183} INFO - Processing /opt/airflow/dags/backup_disaster_recovery.py took 0.328 seconds
[2026-03-02T01:55:03.958+0000] {processor.py:161} INFO - Started process (PID=2175) to work on /opt/airflow/dags/backup_disaster_recovery.py
[2026-03-02T01:55:03.965+0000] {processor.py:830} INFO - Processing file /opt/airflow/dags/backup_disaster_recovery.py for tasks to queue
[2026-03-02T01:55:03.969+0000] {logging_mixin.py:188} INFO - [2026-03-02T01:55:03.968+0000] {dagbag.py:538} INFO - Filling up the DagBag from /opt/airflow/dags/backup_disaster_recovery.py
[2026-03-02T01:55:04.233+0000] {processor.py:840} INFO - DAG(s) 'backup_and_disaster_recovery' retrieved from /opt/airflow/dags/backup_disaster_recovery.py
[2026-03-02T01:55:04.314+0000] {logging_mixin.py:188} INFO - [2026-03-02T01:55:04.313+0000] {dag.py:3036} INFO - Sync 1 DAGs
[2026-03-02T01:55:04.363+0000] {logging_mixin.py:188} INFO - [2026-03-02T01:55:04.363+0000] {dag.py:3823} INFO - Setting next_dagrun for backup_and_disaster_recovery to 2026-03-01 02:00:00+00:00, run_after=2026-03-02 02:00:00+00:00
[2026-03-02T01:55:04.383+0000] {processor.py:183} INFO - Processing /opt/airflow/dags/backup_disaster_recovery.py took 0.448 seconds
[2026-03-02T01:55:35.374+0000] {processor.py:161} INFO - Started process (PID=2192) to work on /opt/airflow/dags/backup_disaster_recovery.py
[2026-03-02T01:55:35.376+0000] {processor.py:830} INFO - Processing file /opt/airflow/dags/backup_disaster_recovery.py for tasks to queue
[2026-03-02T01:55:35.377+0000] {logging_mixin.py:188} INFO - [2026-03-02T01:55:35.377+0000] {dagbag.py:538} INFO - Filling up the DagBag from /opt/airflow/dags/backup_disaster_recovery.py
[2026-03-02T01:55:35.529+0000] {processor.py:840} INFO - DAG(s) 'backup_and_disaster_recovery' retrieved from /opt/airflow/dags/backup_disaster_recovery.py
[2026-03-02T01:55:35.567+0000] {logging_mixin.py:188} INFO - [2026-03-02T01:55:35.566+0000] {dag.py:3036} INFO - Sync 1 DAGs
[2026-03-02T01:55:35.600+0000] {logging_mixin.py:188} INFO - [2026-03-02T01:55:35.600+0000] {dag.py:3823} INFO - Setting next_dagrun for backup_and_disaster_recovery to 2026-03-01 02:00:00+00:00, run_after=2026-03-02 02:00:00+00:00
[2026-03-02T01:55:35.620+0000] {processor.py:183} INFO - Processing /opt/airflow/dags/backup_disaster_recovery.py took 0.251 seconds
[2026-03-02T01:56:06.011+0000] {processor.py:161} INFO - Started process (PID=2210) to work on /opt/airflow/dags/backup_disaster_recovery.py
[2026-03-02T01:56:06.013+0000] {processor.py:830} INFO - Processing file /opt/airflow/dags/backup_disaster_recovery.py for tasks to queue
[2026-03-02T01:56:06.015+0000] {logging_mixin.py:188} INFO - [2026-03-02T01:56:06.014+0000] {dagbag.py:538} INFO - Filling up the DagBag from /opt/airflow/dags/backup_disaster_recovery.py
[2026-03-02T01:56:06.158+0000] {processor.py:840} INFO - DAG(s) 'backup_and_disaster_recovery' retrieved from /opt/airflow/dags/backup_disaster_recovery.py
[2026-03-02T01:56:06.215+0000] {logging_mixin.py:188} INFO - [2026-03-02T01:56:06.215+0000] {dag.py:3036} INFO - Sync 1 DAGs
[2026-03-02T01:56:06.256+0000] {logging_mixin.py:188} INFO - [2026-03-02T01:56:06.255+0000] {dag.py:3823} INFO - Setting next_dagrun for backup_and_disaster_recovery to 2026-03-01 02:00:00+00:00, run_after=2026-03-02 02:00:00+00:00
[2026-03-02T01:56:06.280+0000] {processor.py:183} INFO - Processing /opt/airflow/dags/backup_disaster_recovery.py took 0.275 seconds
[2026-03-02T01:56:36.635+0000] {processor.py:161} INFO - Started process (PID=2228) to work on /opt/airflow/dags/backup_disaster_recovery.py
[2026-03-02T01:56:36.639+0000] {processor.py:830} INFO - Processing file /opt/airflow/dags/backup_disaster_recovery.py for tasks to queue
[2026-03-02T01:56:36.642+0000] {logging_mixin.py:188} INFO - [2026-03-02T01:56:36.640+0000] {dagbag.py:538} INFO - Filling up the DagBag from /opt/airflow/dags/backup_disaster_recovery.py
[2026-03-02T01:56:36.886+0000] {processor.py:840} INFO - DAG(s) 'backup_and_disaster_recovery' retrieved from /opt/airflow/dags/backup_disaster_recovery.py
[2026-03-02T01:56:36.928+0000] {logging_mixin.py:188} INFO - [2026-03-02T01:56:36.928+0000] {dag.py:3036} INFO - Sync 1 DAGs
[2026-03-02T01:56:36.959+0000] {logging_mixin.py:188} INFO - [2026-03-02T01:56:36.959+0000] {dag.py:3823} INFO - Setting next_dagrun for backup_and_disaster_recovery to 2026-03-01 02:00:00+00:00, run_after=2026-03-02 02:00:00+00:00
[2026-03-02T01:56:36.978+0000] {processor.py:183} INFO - Processing /opt/airflow/dags/backup_disaster_recovery.py took 0.378 seconds
[2026-03-02T01:57:07.068+0000] {processor.py:161} INFO - Started process (PID=2246) to work on /opt/airflow/dags/backup_disaster_recovery.py
[2026-03-02T01:57:07.071+0000] {processor.py:830} INFO - Processing file /opt/airflow/dags/backup_disaster_recovery.py for tasks to queue
[2026-03-02T01:57:07.074+0000] {logging_mixin.py:188} INFO - [2026-03-02T01:57:07.073+0000] {dagbag.py:538} INFO - Filling up the DagBag from /opt/airflow/dags/backup_disaster_recovery.py
[2026-03-02T01:57:07.224+0000] {processor.py:840} INFO - DAG(s) 'backup_and_disaster_recovery' retrieved from /opt/airflow/dags/backup_disaster_recovery.py
[2026-03-02T01:57:07.276+0000] {logging_mixin.py:188} INFO - [2026-03-02T01:57:07.276+0000] {dag.py:3036} INFO - Sync 1 DAGs
[2026-03-02T01:57:07.318+0000] {logging_mixin.py:188} INFO - [2026-03-02T01:57:07.318+0000] {dag.py:3823} INFO - Setting next_dagrun for backup_and_disaster_recovery to 2026-03-01 02:00:00+00:00, run_after=2026-03-02 02:00:00+00:00
[2026-03-02T01:57:07.334+0000] {processor.py:183} INFO - Processing /opt/airflow/dags/backup_disaster_recovery.py took 0.281 seconds
[2026-03-02T01:57:37.867+0000] {processor.py:161} INFO - Started process (PID=2256) to work on /opt/airflow/dags/backup_disaster_recovery.py
[2026-03-02T01:57:37.878+0000] {processor.py:830} INFO - Processing file /opt/airflow/dags/backup_disaster_recovery.py for tasks to queue
[2026-03-02T01:57:37.881+0000] {logging_mixin.py:188} INFO - [2026-03-02T01:57:37.879+0000] {dagbag.py:538} INFO - Filling up the DagBag from /opt/airflow/dags/backup_disaster_recovery.py
[2026-03-02T01:57:38.080+0000] {processor.py:840} INFO - DAG(s) 'backup_and_disaster_recovery' retrieved from /opt/airflow/dags/backup_disaster_recovery.py
[2026-03-02T01:57:38.134+0000] {logging_mixin.py:188} INFO - [2026-03-02T01:57:38.134+0000] {dag.py:3036} INFO - Sync 1 DAGs
[2026-03-02T01:57:38.167+0000] {logging_mixin.py:188} INFO - [2026-03-02T01:57:38.167+0000] {dag.py:3823} INFO - Setting next_dagrun for backup_and_disaster_recovery to 2026-03-01 02:00:00+00:00, run_after=2026-03-02 02:00:00+00:00
[2026-03-02T01:57:38.185+0000] {processor.py:183} INFO - Processing /opt/airflow/dags/backup_disaster_recovery.py took 0.332 seconds
[2026-03-02T01:58:08.305+0000] {processor.py:161} INFO - Started process (PID=2274) to work on /opt/airflow/dags/backup_disaster_recovery.py
[2026-03-02T01:58:08.307+0000] {processor.py:830} INFO - Processing file /opt/airflow/dags/backup_disaster_recovery.py for tasks to queue
[2026-03-02T01:58:08.309+0000] {logging_mixin.py:188} INFO - [2026-03-02T01:58:08.308+0000] {dagbag.py:538} INFO - Filling up the DagBag from /opt/airflow/dags/backup_disaster_recovery.py
[2026-03-02T01:58:08.483+0000] {processor.py:840} INFO - DAG(s) 'backup_and_disaster_recovery' retrieved from /opt/airflow/dags/backup_disaster_recovery.py
[2026-03-02T01:58:08.528+0000] {logging_mixin.py:188} INFO - [2026-03-02T01:58:08.527+0000] {dag.py:3036} INFO - Sync 1 DAGs
[2026-03-02T01:58:08.587+0000] {logging_mixin.py:188} INFO - [2026-03-02T01:58:08.586+0000] {dag.py:3823} INFO - Setting next_dagrun for backup_and_disaster_recovery to 2026-03-01 02:00:00+00:00, run_after=2026-03-02 02:00:00+00:00
[2026-03-02T01:58:08.609+0000] {processor.py:183} INFO - Processing /opt/airflow/dags/backup_disaster_recovery.py took 0.311 seconds
[2026-03-02T01:58:39.437+0000] {processor.py:161} INFO - Started process (PID=2310) to work on /opt/airflow/dags/backup_disaster_recovery.py
[2026-03-02T01:58:39.441+0000] {processor.py:830} INFO - Processing file /opt/airflow/dags/backup_disaster_recovery.py for tasks to queue
[2026-03-02T01:58:39.446+0000] {logging_mixin.py:188} INFO - [2026-03-02T01:58:39.444+0000] {dagbag.py:538} INFO - Filling up the DagBag from /opt/airflow/dags/backup_disaster_recovery.py
[2026-03-02T01:58:40.074+0000] {processor.py:840} INFO - DAG(s) 'backup_and_disaster_recovery' retrieved from /opt/airflow/dags/backup_disaster_recovery.py
[2026-03-02T01:58:40.243+0000] {logging_mixin.py:188} INFO - [2026-03-02T01:58:40.240+0000] {dag.py:3036} INFO - Sync 1 DAGs
[2026-03-02T01:58:40.315+0000] {logging_mixin.py:188} INFO - [2026-03-02T01:58:40.315+0000] {dag.py:3823} INFO - Setting next_dagrun for backup_and_disaster_recovery to 2026-03-01 02:00:00+00:00, run_after=2026-03-02 02:00:00+00:00
[2026-03-02T01:58:40.387+0000] {processor.py:183} INFO - Processing /opt/airflow/dags/backup_disaster_recovery.py took 0.968 seconds
[2026-03-02T01:59:08.876+0000] {processor.py:161} INFO - Started process (PID=2375) to work on /opt/airflow/dags/backup_disaster_recovery.py
[2026-03-02T01:59:08.921+0000] {processor.py:830} INFO - Processing file /opt/airflow/dags/backup_disaster_recovery.py for tasks to queue
[2026-03-02T01:59:08.931+0000] {logging_mixin.py:188} INFO - [2026-03-02T01:59:08.926+0000] {dagbag.py:538} INFO - Filling up the DagBag from /opt/airflow/dags/backup_disaster_recovery.py
[2026-03-02T01:59:10.463+0000] {processor.py:840} INFO - DAG(s) 'backup_and_disaster_recovery' retrieved from /opt/airflow/dags/backup_disaster_recovery.py
[2026-03-02T01:59:11.421+0000] {logging_mixin.py:188} INFO - [2026-03-02T01:59:11.404+0000] {dag.py:3036} INFO - Sync 1 DAGs
[2026-03-02T01:59:11.708+0000] {logging_mixin.py:188} INFO - [2026-03-02T01:59:11.707+0000] {dag.py:3823} INFO - Setting next_dagrun for backup_and_disaster_recovery to 2026-03-01 02:00:00+00:00, run_after=2026-03-02 02:00:00+00:00
[2026-03-02T01:59:11.859+0000] {processor.py:183} INFO - Processing /opt/airflow/dags/backup_disaster_recovery.py took 3.085 seconds
[2026-03-02T01:59:14.145+0000] {processor.py:161} INFO - Started process (PID=2380) to work on /opt/airflow/dags/backup_disaster_recovery.py
[2026-03-02T01:59:14.158+0000] {processor.py:830} INFO - Processing file /opt/airflow/dags/backup_disaster_recovery.py for tasks to queue
[2026-03-02T01:59:14.169+0000] {logging_mixin.py:188} INFO - [2026-03-02T01:59:14.164+0000] {dagbag.py:538} INFO - Filling up the DagBag from /opt/airflow/dags/backup_disaster_recovery.py
[2026-03-02T01:59:14.960+0000] {processor.py:840} INFO - DAG(s) 'backup_and_disaster_recovery' retrieved from /opt/airflow/dags/backup_disaster_recovery.py
[2026-03-02T01:59:15.313+0000] {logging_mixin.py:188} INFO - [2026-03-02T01:59:15.313+0000] {dag.py:3036} INFO - Sync 1 DAGs
[2026-03-02T01:59:15.620+0000] {logging_mixin.py:188} INFO - [2026-03-02T01:59:15.619+0000] {dag.py:3823} INFO - Setting next_dagrun for backup_and_disaster_recovery to 2026-03-01 02:00:00+00:00, run_after=2026-03-02 02:00:00+00:00
[2026-03-02T01:59:15.769+0000] {processor.py:183} INFO - Processing /opt/airflow/dags/backup_disaster_recovery.py took 1.656 seconds
[2026-03-02T01:59:17.385+0000] {processor.py:161} INFO - Started process (PID=2385) to work on /opt/airflow/dags/backup_disaster_recovery.py
[2026-03-02T01:59:17.397+0000] {processor.py:830} INFO - Processing file /opt/airflow/dags/backup_disaster_recovery.py for tasks to queue
[2026-03-02T01:59:17.431+0000] {logging_mixin.py:188} INFO - [2026-03-02T01:59:17.416+0000] {dagbag.py:538} INFO - Filling up the DagBag from /opt/airflow/dags/backup_disaster_recovery.py
[2026-03-02T01:59:18.016+0000] {processor.py:840} INFO - DAG(s) 'backup_and_disaster_recovery' retrieved from /opt/airflow/dags/backup_disaster_recovery.py
[2026-03-02T01:59:18.144+0000] {logging_mixin.py:188} INFO - [2026-03-02T01:59:18.143+0000] {dag.py:3036} INFO - Sync 1 DAGs
[2026-03-02T01:59:18.231+0000] {logging_mixin.py:188} INFO - [2026-03-02T01:59:18.230+0000] {dag.py:3823} INFO - Setting next_dagrun for backup_and_disaster_recovery to 2026-03-01 02:00:00+00:00, run_after=2026-03-02 02:00:00+00:00
[2026-03-02T01:59:18.338+0000] {processor.py:183} INFO - Processing /opt/airflow/dags/backup_disaster_recovery.py took 1.002 seconds
[2026-03-02T01:59:22.994+0000] {processor.py:161} INFO - Started process (PID=2390) to work on /opt/airflow/dags/backup_disaster_recovery.py
[2026-03-02T01:59:23.014+0000] {processor.py:830} INFO - Processing file /opt/airflow/dags/backup_disaster_recovery.py for tasks to queue
[2026-03-02T01:59:23.039+0000] {logging_mixin.py:188} INFO - [2026-03-02T01:59:23.036+0000] {dagbag.py:538} INFO - Filling up the DagBag from /opt/airflow/dags/backup_disaster_recovery.py
[2026-03-02T01:59:23.554+0000] {processor.py:840} INFO - DAG(s) 'backup_and_disaster_recovery' retrieved from /opt/airflow/dags/backup_disaster_recovery.py
[2026-03-02T01:59:24.086+0000] {logging_mixin.py:188} INFO - [2026-03-02T01:59:24.085+0000] {dag.py:3036} INFO - Sync 1 DAGs
[2026-03-02T01:59:24.155+0000] {logging_mixin.py:188} INFO - [2026-03-02T01:59:24.154+0000] {dag.py:3823} INFO - Setting next_dagrun for backup_and_disaster_recovery to 2026-03-01 02:00:00+00:00, run_after=2026-03-02 02:00:00+00:00
[2026-03-02T01:59:24.221+0000] {processor.py:183} INFO - Processing /opt/airflow/dags/backup_disaster_recovery.py took 1.245 seconds
[2026-03-02T01:59:26.086+0000] {processor.py:161} INFO - Started process (PID=2395) to work on /opt/airflow/dags/backup_disaster_recovery.py
[2026-03-02T01:59:26.089+0000] {processor.py:830} INFO - Processing file /opt/airflow/dags/backup_disaster_recovery.py for tasks to queue
[2026-03-02T01:59:26.093+0000] {logging_mixin.py:188} INFO - [2026-03-02T01:59:26.092+0000] {dagbag.py:538} INFO - Filling up the DagBag from /opt/airflow/dags/backup_disaster_recovery.py
[2026-03-02T01:59:26.341+0000] {processor.py:840} INFO - DAG(s) 'backup_and_disaster_recovery' retrieved from /opt/airflow/dags/backup_disaster_recovery.py
[2026-03-02T01:59:26.577+0000] {logging_mixin.py:188} INFO - [2026-03-02T01:59:26.576+0000] {dag.py:3036} INFO - Sync 1 DAGs
[2026-03-02T01:59:26.641+0000] {logging_mixin.py:188} INFO - [2026-03-02T01:59:26.641+0000] {dag.py:3823} INFO - Setting next_dagrun for backup_and_disaster_recovery to 2026-03-01 02:00:00+00:00, run_after=2026-03-02 02:00:00+00:00
[2026-03-02T01:59:26.697+0000] {processor.py:183} INFO - Processing /opt/airflow/dags/backup_disaster_recovery.py took 0.626 seconds
[2026-03-02T01:59:57.724+0000] {processor.py:161} INFO - Started process (PID=2413) to work on /opt/airflow/dags/backup_disaster_recovery.py
[2026-03-02T01:59:57.728+0000] {processor.py:830} INFO - Processing file /opt/airflow/dags/backup_disaster_recovery.py for tasks to queue
[2026-03-02T01:59:57.732+0000] {logging_mixin.py:188} INFO - [2026-03-02T01:59:57.731+0000] {dagbag.py:538} INFO - Filling up the DagBag from /opt/airflow/dags/backup_disaster_recovery.py
[2026-03-02T01:59:59.359+0000] {processor.py:840} INFO - DAG(s) 'backup_and_disaster_recovery' retrieved from /opt/airflow/dags/backup_disaster_recovery.py
[2026-03-02T01:59:59.938+0000] {logging_mixin.py:188} INFO - [2026-03-02T01:59:59.930+0000] {dag.py:3036} INFO - Sync 1 DAGs
[2026-03-02T02:00:00.305+0000] {logging_mixin.py:188} INFO - [2026-03-02T02:00:00.304+0000] {dag.py:3823} INFO - Setting next_dagrun for backup_and_disaster_recovery to 2026-03-01 02:00:00+00:00, run_after=2026-03-02 02:00:00+00:00
[2026-03-02T02:00:00.529+0000] {processor.py:183} INFO - Processing /opt/airflow/dags/backup_disaster_recovery.py took 2.811 seconds
[2026-03-02T02:00:30.908+0000] {processor.py:161} INFO - Started process (PID=2431) to work on /opt/airflow/dags/backup_disaster_recovery.py
[2026-03-02T02:00:30.910+0000] {processor.py:830} INFO - Processing file /opt/airflow/dags/backup_disaster_recovery.py for tasks to queue
[2026-03-02T02:00:30.912+0000] {logging_mixin.py:188} INFO - [2026-03-02T02:00:30.911+0000] {dagbag.py:538} INFO - Filling up the DagBag from /opt/airflow/dags/backup_disaster_recovery.py
[2026-03-02T02:00:31.127+0000] {processor.py:840} INFO - DAG(s) 'backup_and_disaster_recovery' retrieved from /opt/airflow/dags/backup_disaster_recovery.py
[2026-03-02T02:00:31.224+0000] {logging_mixin.py:188} INFO - [2026-03-02T02:00:31.223+0000] {dag.py:3036} INFO - Sync 1 DAGs
[2026-03-02T02:00:31.284+0000] {logging_mixin.py:188} INFO - [2026-03-02T02:00:31.283+0000] {dag.py:3823} INFO - Setting next_dagrun for backup_and_disaster_recovery to 2026-03-01 02:00:00+00:00, run_after=2026-03-02 02:00:00+00:00
[2026-03-02T02:00:31.326+0000] {processor.py:183} INFO - Processing /opt/airflow/dags/backup_disaster_recovery.py took 0.432 seconds
[2026-03-02T02:01:02.157+0000] {processor.py:161} INFO - Started process (PID=2449) to work on /opt/airflow/dags/backup_disaster_recovery.py
[2026-03-02T02:01:02.160+0000] {processor.py:830} INFO - Processing file /opt/airflow/dags/backup_disaster_recovery.py for tasks to queue
[2026-03-02T02:01:02.163+0000] {logging_mixin.py:188} INFO - [2026-03-02T02:01:02.162+0000] {dagbag.py:538} INFO - Filling up the DagBag from /opt/airflow/dags/backup_disaster_recovery.py
[2026-03-02T02:01:02.433+0000] {processor.py:840} INFO - DAG(s) 'backup_and_disaster_recovery' retrieved from /opt/airflow/dags/backup_disaster_recovery.py
[2026-03-02T02:01:02.517+0000] {logging_mixin.py:188} INFO - [2026-03-02T02:01:02.517+0000] {dag.py:3036} INFO - Sync 1 DAGs
[2026-03-02T02:01:02.559+0000] {logging_mixin.py:188} INFO - [2026-03-02T02:01:02.559+0000] {dag.py:3823} INFO - Setting next_dagrun for backup_and_disaster_recovery to 2026-03-01 02:00:00+00:00, run_after=2026-03-02 02:00:00+00:00
[2026-03-02T02:01:02.581+0000] {processor.py:183} INFO - Processing /opt/airflow/dags/backup_disaster_recovery.py took 0.436 seconds
[2026-03-02T02:01:32.791+0000] {processor.py:161} INFO - Started process (PID=2467) to work on /opt/airflow/dags/backup_disaster_recovery.py
[2026-03-02T02:01:32.795+0000] {processor.py:830} INFO - Processing file /opt/airflow/dags/backup_disaster_recovery.py for tasks to queue
[2026-03-02T02:01:32.799+0000] {logging_mixin.py:188} INFO - [2026-03-02T02:01:32.797+0000] {dagbag.py:538} INFO - Filling up the DagBag from /opt/airflow/dags/backup_disaster_recovery.py
[2026-03-02T02:01:33.067+0000] {processor.py:840} INFO - DAG(s) 'backup_and_disaster_recovery' retrieved from /opt/airflow/dags/backup_disaster_recovery.py
[2026-03-02T02:01:33.232+0000] {logging_mixin.py:188} INFO - [2026-03-02T02:01:33.232+0000] {dag.py:3036} INFO - Sync 1 DAGs
[2026-03-02T02:01:33.290+0000] {logging_mixin.py:188} INFO - [2026-03-02T02:01:33.289+0000] {dag.py:3823} INFO - Setting next_dagrun for backup_and_disaster_recovery to 2026-03-01 02:00:00+00:00, run_after=2026-03-02 02:00:00+00:00
[2026-03-02T02:01:33.330+0000] {processor.py:183} INFO - Processing /opt/airflow/dags/backup_disaster_recovery.py took 0.556 seconds
[2026-03-02T02:02:03.395+0000] {processor.py:161} INFO - Started process (PID=2485) to work on /opt/airflow/dags/backup_disaster_recovery.py
[2026-03-02T02:02:03.398+0000] {processor.py:830} INFO - Processing file /opt/airflow/dags/backup_disaster_recovery.py for tasks to queue
[2026-03-02T02:02:03.399+0000] {logging_mixin.py:188} INFO - [2026-03-02T02:02:03.399+0000] {dagbag.py:538} INFO - Filling up the DagBag from /opt/airflow/dags/backup_disaster_recovery.py
[2026-03-02T02:02:03.571+0000] {processor.py:840} INFO - DAG(s) 'backup_and_disaster_recovery' retrieved from /opt/airflow/dags/backup_disaster_recovery.py
[2026-03-02T02:02:03.612+0000] {logging_mixin.py:188} INFO - [2026-03-02T02:02:03.612+0000] {dag.py:3036} INFO - Sync 1 DAGs
[2026-03-02T02:02:03.654+0000] {logging_mixin.py:188} INFO - [2026-03-02T02:02:03.654+0000] {dag.py:3823} INFO - Setting next_dagrun for backup_and_disaster_recovery to 2026-03-01 02:00:00+00:00, run_after=2026-03-02 02:00:00+00:00
[2026-03-02T02:02:03.679+0000] {processor.py:183} INFO - Processing /opt/airflow/dags/backup_disaster_recovery.py took 0.291 seconds
[2026-03-02T02:02:34.238+0000] {processor.py:161} INFO - Started process (PID=2503) to work on /opt/airflow/dags/backup_disaster_recovery.py
[2026-03-02T02:02:34.240+0000] {processor.py:830} INFO - Processing file /opt/airflow/dags/backup_disaster_recovery.py for tasks to queue
[2026-03-02T02:02:34.242+0000] {logging_mixin.py:188} INFO - [2026-03-02T02:02:34.241+0000] {dagbag.py:538} INFO - Filling up the DagBag from /opt/airflow/dags/backup_disaster_recovery.py
[2026-03-02T02:02:34.414+0000] {processor.py:840} INFO - DAG(s) 'backup_and_disaster_recovery' retrieved from /opt/airflow/dags/backup_disaster_recovery.py
[2026-03-02T02:02:34.509+0000] {logging_mixin.py:188} INFO - [2026-03-02T02:02:34.509+0000] {dag.py:3036} INFO - Sync 1 DAGs
[2026-03-02T02:02:34.574+0000] {logging_mixin.py:188} INFO - [2026-03-02T02:02:34.573+0000] {dag.py:3823} INFO - Setting next_dagrun for backup_and_disaster_recovery to 2026-03-01 02:00:00+00:00, run_after=2026-03-02 02:00:00+00:00
[2026-03-02T02:02:34.596+0000] {processor.py:183} INFO - Processing /opt/airflow/dags/backup_disaster_recovery.py took 0.366 seconds
[2026-03-02T02:03:04.753+0000] {processor.py:161} INFO - Started process (PID=2521) to work on /opt/airflow/dags/backup_disaster_recovery.py
[2026-03-02T02:03:04.757+0000] {processor.py:830} INFO - Processing file /opt/airflow/dags/backup_disaster_recovery.py for tasks to queue
[2026-03-02T02:03:04.758+0000] {logging_mixin.py:188} INFO - [2026-03-02T02:03:04.758+0000] {dagbag.py:538} INFO - Filling up the DagBag from /opt/airflow/dags/backup_disaster_recovery.py
[2026-03-02T02:03:04.959+0000] {processor.py:840} INFO - DAG(s) 'backup_and_disaster_recovery' retrieved from /opt/airflow/dags/backup_disaster_recovery.py
[2026-03-02T02:03:05.009+0000] {logging_mixin.py:188} INFO - [2026-03-02T02:03:05.009+0000] {dag.py:3036} INFO - Sync 1 DAGs
[2026-03-02T02:03:05.088+0000] {logging_mixin.py:188} INFO - [2026-03-02T02:03:05.088+0000] {dag.py:3823} INFO - Setting next_dagrun for backup_and_disaster_recovery to 2026-03-01 02:00:00+00:00, run_after=2026-03-02 02:00:00+00:00
[2026-03-02T02:03:05.116+0000] {processor.py:183} INFO - Processing /opt/airflow/dags/backup_disaster_recovery.py took 0.371 seconds
[2026-03-02T02:03:35.467+0000] {processor.py:161} INFO - Started process (PID=2538) to work on /opt/airflow/dags/backup_disaster_recovery.py
[2026-03-02T02:03:35.470+0000] {processor.py:830} INFO - Processing file /opt/airflow/dags/backup_disaster_recovery.py for tasks to queue
[2026-03-02T02:03:35.471+0000] {logging_mixin.py:188} INFO - [2026-03-02T02:03:35.471+0000] {dagbag.py:538} INFO - Filling up the DagBag from /opt/airflow/dags/backup_disaster_recovery.py
[2026-03-02T02:03:35.586+0000] {processor.py:840} INFO - DAG(s) 'backup_and_disaster_recovery' retrieved from /opt/airflow/dags/backup_disaster_recovery.py
[2026-03-02T02:03:35.620+0000] {logging_mixin.py:188} INFO - [2026-03-02T02:03:35.620+0000] {dag.py:3036} INFO - Sync 1 DAGs
[2026-03-02T02:03:35.647+0000] {logging_mixin.py:188} INFO - [2026-03-02T02:03:35.647+0000] {dag.py:3823} INFO - Setting next_dagrun for backup_and_disaster_recovery to 2026-03-01 02:00:00+00:00, run_after=2026-03-02 02:00:00+00:00
[2026-03-02T02:03:35.670+0000] {processor.py:183} INFO - Processing /opt/airflow/dags/backup_disaster_recovery.py took 0.210 seconds
[2026-03-02T02:04:06.361+0000] {processor.py:161} INFO - Started process (PID=2556) to work on /opt/airflow/dags/backup_disaster_recovery.py
[2026-03-02T02:04:06.375+0000] {processor.py:830} INFO - Processing file /opt/airflow/dags/backup_disaster_recovery.py for tasks to queue
[2026-03-02T02:04:06.391+0000] {logging_mixin.py:188} INFO - [2026-03-02T02:04:06.388+0000] {dagbag.py:538} INFO - Filling up the DagBag from /opt/airflow/dags/backup_disaster_recovery.py
[2026-03-02T02:04:07.023+0000] {processor.py:840} INFO - DAG(s) 'backup_and_disaster_recovery' retrieved from /opt/airflow/dags/backup_disaster_recovery.py
[2026-03-02T02:04:07.355+0000] {logging_mixin.py:188} INFO - [2026-03-02T02:04:07.354+0000] {dag.py:3036} INFO - Sync 1 DAGs
[2026-03-02T02:04:07.453+0000] {logging_mixin.py:188} INFO - [2026-03-02T02:04:07.453+0000] {dag.py:3823} INFO - Setting next_dagrun for backup_and_disaster_recovery to 2026-03-01 02:00:00+00:00, run_after=2026-03-02 02:00:00+00:00
[2026-03-02T02:04:07.510+0000] {processor.py:183} INFO - Processing /opt/airflow/dags/backup_disaster_recovery.py took 1.168 seconds
[2026-03-02T02:04:40.818+0000] {processor.py:161} INFO - Started process (PID=2566) to work on /opt/airflow/dags/backup_disaster_recovery.py
[2026-03-02T02:04:40.856+0000] {processor.py:830} INFO - Processing file /opt/airflow/dags/backup_disaster_recovery.py for tasks to queue
[2026-03-02T02:04:40.860+0000] {logging_mixin.py:188} INFO - [2026-03-02T02:04:40.858+0000] {dagbag.py:538} INFO - Filling up the DagBag from /opt/airflow/dags/backup_disaster_recovery.py
[2026-03-02T02:04:42.943+0000] {processor.py:840} INFO - DAG(s) 'backup_and_disaster_recovery' retrieved from /opt/airflow/dags/backup_disaster_recovery.py
[2026-03-02T02:04:43.462+0000] {logging_mixin.py:188} INFO - [2026-03-02T02:04:43.457+0000] {dag.py:3036} INFO - Sync 1 DAGs
[2026-03-02T02:04:43.589+0000] {logging_mixin.py:188} INFO - [2026-03-02T02:04:43.589+0000] {dag.py:3823} INFO - Setting next_dagrun for backup_and_disaster_recovery to 2026-03-01 02:00:00+00:00, run_after=2026-03-02 02:00:00+00:00
[2026-03-02T02:04:43.790+0000] {processor.py:183} INFO - Processing /opt/airflow/dags/backup_disaster_recovery.py took 3.199 seconds
[2026-03-02T02:05:16.519+0000] {processor.py:161} INFO - Started process (PID=2584) to work on /opt/airflow/dags/backup_disaster_recovery.py
[2026-03-02T02:05:16.523+0000] {processor.py:830} INFO - Processing file /opt/airflow/dags/backup_disaster_recovery.py for tasks to queue
[2026-03-02T02:05:16.525+0000] {logging_mixin.py:188} INFO - [2026-03-02T02:05:16.524+0000] {dagbag.py:538} INFO - Filling up the DagBag from /opt/airflow/dags/backup_disaster_recovery.py
[2026-03-02T02:05:17.123+0000] {processor.py:840} INFO - DAG(s) 'backup_and_disaster_recovery' retrieved from /opt/airflow/dags/backup_disaster_recovery.py
[2026-03-02T02:05:17.510+0000] {logging_mixin.py:188} INFO - [2026-03-02T02:05:17.509+0000] {dag.py:3036} INFO - Sync 1 DAGs
[2026-03-02T02:05:17.743+0000] {logging_mixin.py:188} INFO - [2026-03-02T02:05:17.741+0000] {dag.py:3823} INFO - Setting next_dagrun for backup_and_disaster_recovery to 2026-03-01 02:00:00+00:00, run_after=2026-03-02 02:00:00+00:00
[2026-03-02T02:05:17.872+0000] {processor.py:183} INFO - Processing /opt/airflow/dags/backup_disaster_recovery.py took 1.370 seconds
[2026-03-02T02:05:48.760+0000] {processor.py:161} INFO - Started process (PID=2602) to work on /opt/airflow/dags/backup_disaster_recovery.py
[2026-03-02T02:05:48.762+0000] {processor.py:830} INFO - Processing file /opt/airflow/dags/backup_disaster_recovery.py for tasks to queue
[2026-03-02T02:05:48.763+0000] {logging_mixin.py:188} INFO - [2026-03-02T02:05:48.763+0000] {dagbag.py:538} INFO - Filling up the DagBag from /opt/airflow/dags/backup_disaster_recovery.py
[2026-03-02T02:05:48.898+0000] {processor.py:840} INFO - DAG(s) 'backup_and_disaster_recovery' retrieved from /opt/airflow/dags/backup_disaster_recovery.py
[2026-03-02T02:05:48.938+0000] {logging_mixin.py:188} INFO - [2026-03-02T02:05:48.938+0000] {dag.py:3036} INFO - Sync 1 DAGs
[2026-03-02T02:05:48.972+0000] {logging_mixin.py:188} INFO - [2026-03-02T02:05:48.972+0000] {dag.py:3823} INFO - Setting next_dagrun for backup_and_disaster_recovery to 2026-03-01 02:00:00+00:00, run_after=2026-03-02 02:00:00+00:00
[2026-03-02T02:05:48.990+0000] {processor.py:183} INFO - Processing /opt/airflow/dags/backup_disaster_recovery.py took 0.240 seconds
